<component name="libraryTable">
  <library name="junit:junit:4.10" type="repository">
    <properties maven-id="junit:junit:4.10" />
    <ANNOTATIONS>
      <root url="file://$PROJECT_DIR$" />
    </ANNOTATIONS>
    <CLASSES>
      <root url="jar://$MAVEN_REPOSITORY$/junit/junit/4.10/junit-4.10.jar!/" />
      <root url="jar://$MAVEN_REPOSITORY$/org/hamcrest/hamcrest-core/1.1/hamcrest-core-1.1.jar!/" />
    </CLASSES>
    <JAVADOC>
      <root url="jar://$MAVEN_REPOSITORY$/junit/junit/4.10/junit-4.10-javadoc.jar!/" />
    </JAVADOC>
    <SOURCES>
      <root url="jar://$MAVEN_REPOSITORY$/junit/junit/4.10/junit-4.10-sources.jar!/" />
    </SOURCES>
  </library>
</component>